<?xml version="1.0" encoding="UTF-8" ?>
<testsuites disabled="0" errors="0" failures="0" tests="7" time="51.276">
 <testsuite name="SmokeTests1" timestamp="2020-04-01T09:47:19" hostname="localhost" time="51.276" errors="0" tests="7" skipped="0" disabled="0" failures="0">
  <testcase classname="SmokeTests1" name="loginintoAcquire" time="1.593" />
  <testcase classname="SmokeTests1" name="VerifyPipelinePage" time="30.118" />
  <testcase classname="SmokeTests1" name="adddeal" time="2.874" />
  <testcase classname="SmokeTests1" name="upload an image file" time="1.462" />
  <testcase classname="SmokeTests1" name="select value from dropdown strategy page" time="1.554" />
  <testcase classname="SmokeTests1" name="add a task" time="1.356" />
  <testcase classname="SmokeTests1" name="Logout" time="2.095" />
 </testsuite>
</testsuites>